<?xml version="1.0" encoding="UTF-8"?>
<testsuite name="summaryIExercise2.TestSummaryIExercise2" tests="4" skipped="0" failures="0" errors="0" timestamp="2023-06-25T08:14:09" hostname="DESKTOP-HA2T019" time="0.046">
  <properties/>
  <testcase name="test1" classname="summaryIExercise2.TestSummaryIExercise2" time="0.013"/>
  <testcase name="test2" classname="summaryIExercise2.TestSummaryIExercise2" time="0.001"/>
  <testcase name="test3" classname="summaryIExercise2.TestSummaryIExercise2" time="0.001"/>
  <testcase name="test4" classname="summaryIExercise2.TestSummaryIExercise2" time="0.029"/>
  <system-out><![CDATA[]]></system-out>
  <system-err><![CDATA[]]></system-err>
</testsuite>
